<?xml version="1.0" encoding="UTF-8"?>
<coverage generated="1579203250505" clover="3.2.0">
  <project timestamp="1579203250506" name="All files">
    <metrics statements="2" coveredstatements="2" conditionals="2" coveredconditionals="2" methods="2" coveredmethods="2" elements="6" coveredelements="6" complexity="0" loc="2" ncloc="2" packages="1" files="1" classes="1"/>
    <file name="errorRepository.js" path="C:\Users\Vladimir\Downloads\Netology\Домашние задания продвинутый Javascript\Containers\2nd task\src\js\errorRepository.js">
      <metrics statements="2" coveredstatements="2" conditionals="2" coveredconditionals="2" methods="2" coveredmethods="2"/>
      <line num="3" count="2" type="stmt"/>
      <line num="7" count="2" type="cond" truecount="2" falsecount="0"/>
    </file>
  </project>
</coverage>
